<?xml version="1.0" encoding="UTF-8"?>
<coverage generated="1639007035227" clover="3.2.0">
  <project timestamp="1639007035227" name="All files">
    <metrics statements="76" coveredstatements="76" conditionals="8" coveredconditionals="3" methods="23" coveredmethods="23" elements="107" coveredelements="102" complexity="0" loc="76" ncloc="76" packages="1" files="7" classes="7"/>
    <file name="add-item.js" path="/Users/ibodi/Documents/gitrepos/Microverse/to-do-list/src/add-item.js">
      <metrics statements="15" coveredstatements="15" conditionals="2" coveredconditionals="1" methods="3" coveredmethods="3"/>
      <line num="7" count="1" type="stmt"/>
      <line num="8" count="4" type="stmt"/>
      <line num="9" count="4" type="stmt"/>
      <line num="11" count="4" type="stmt"/>
      <line num="12" count="29" type="stmt"/>
      <line num="13" count="29" type="stmt"/>
      <line num="16" count="29" type="stmt"/>
      <line num="19" count="29" type="stmt"/>
      <line num="22" count="29" type="stmt"/>
      <line num="23" count="29" type="stmt"/>
      <line num="24" count="29" type="stmt"/>
      <line num="26" count="4" type="stmt"/>
      <line num="28" count="4" type="stmt"/>
      <line num="29" count="26" type="cond" truecount="1" falsecount="1"/>
      <line num="30" count="26" type="stmt"/>
    </file>
    <file name="clear-all-completed.js" path="/Users/ibodi/Documents/gitrepos/Microverse/to-do-list/src/clear-all-completed.js">
      <metrics statements="9" coveredstatements="9" conditionals="0" coveredconditionals="0" methods="6" coveredmethods="6"/>
      <line num="3" count="1" type="stmt"/>
      <line num="4" count="1" type="stmt"/>
      <line num="5" count="1" type="stmt"/>
      <line num="6" count="14" type="stmt"/>
      <line num="7" count="9" type="stmt"/>
      <line num="9" count="14" type="stmt"/>
      <line num="10" count="1" type="stmt"/>
      <line num="11" count="5" type="stmt"/>
      <line num="13" count="1" type="stmt"/>
    </file>
    <file name="display-items.js" path="/Users/ibodi/Documents/gitrepos/Microverse/to-do-list/src/display-items.js">
      <metrics statements="13" coveredstatements="13" conditionals="1" coveredconditionals="0" methods="2" coveredmethods="2"/>
      <line num="3" count="1" type="cond" truecount="0" falsecount="1"/>
      <line num="4" count="29" type="stmt"/>
      <line num="5" count="29" type="stmt"/>
      <line num="6" count="29" type="stmt"/>
      <line num="8" count="29" type="stmt"/>
      <line num="9" count="29" type="stmt"/>
      <line num="10" count="29" type="stmt"/>
      <line num="11" count="29" type="stmt"/>
      <line num="12" count="29" type="stmt"/>
      <line num="13" count="29" type="stmt"/>
      <line num="14" count="29" type="stmt"/>
      <line num="15" count="29" type="stmt"/>
      <line num="17" count="29" type="stmt"/>
    </file>
    <file name="edit-description.js" path="/Users/ibodi/Documents/gitrepos/Microverse/to-do-list/src/edit-description.js">
      <metrics statements="30" coveredstatements="30" conditionals="3" coveredconditionals="1" methods="8" coveredmethods="8"/>
      <line num="3" count="1" type="cond" truecount="0" falsecount="1"/>
      <line num="4" count="29" type="stmt"/>
      <line num="6" count="29" type="stmt"/>
      <line num="7" count="29" type="stmt"/>
      <line num="8" count="29" type="stmt"/>
      <line num="9" count="29" type="stmt"/>
      <line num="10" count="29" type="stmt"/>
      <line num="11" count="15" type="stmt"/>
      <line num="12" count="15" type="stmt"/>
      <line num="13" count="15" type="stmt"/>
      <line num="14" count="15" type="stmt"/>
      <line num="15" count="15" type="stmt"/>
      <line num="17" count="29" type="stmt"/>
      <line num="18" count="1" type="stmt"/>
      <line num="19" count="1" type="stmt"/>
      <line num="20" count="1" type="stmt"/>
      <line num="21" count="1" type="stmt"/>
      <line num="22" count="1" type="stmt"/>
      <line num="23" count="1" type="stmt"/>
      <line num="24" count="1" type="stmt"/>
      <line num="26" count="29" type="stmt"/>
      <line num="27" count="1" type="cond" truecount="1" falsecount="1"/>
      <line num="28" count="1" type="stmt"/>
      <line num="32" count="29" type="stmt"/>
      <line num="34" count="29" type="stmt"/>
      <line num="35" count="15" type="stmt"/>
      <line num="36" count="134" type="stmt"/>
      <line num="37" count="15" type="stmt"/>
      <line num="38" count="119" type="stmt"/>
      <line num="40" count="15" type="stmt"/>
    </file>
    <file name="status-updates.js" path="/Users/ibodi/Documents/gitrepos/Microverse/to-do-list/src/status-updates.js">
      <metrics statements="5" coveredstatements="5" conditionals="1" coveredconditionals="0" methods="3" coveredmethods="3"/>
      <line num="3" count="1" type="cond" truecount="0" falsecount="1"/>
      <line num="4" count="29" type="stmt"/>
      <line num="6" count="9" type="stmt"/>
      <line num="7" count="9" type="stmt"/>
      <line num="9" count="29" type="stmt"/>
    </file>
    <file name="task.js" path="/Users/ibodi/Documents/gitrepos/Microverse/to-do-list/src/task.js">
      <metrics statements="3" coveredstatements="3" conditionals="1" coveredconditionals="1" methods="1" coveredmethods="1"/>
      <line num="2" count="29" type="stmt"/>
      <line num="3" count="29" type="stmt"/>
      <line num="4" count="29" type="stmt"/>
    </file>
    <file name="to-do-list.js" path="/Users/ibodi/Documents/gitrepos/Microverse/to-do-list/src/to-do-list.js">
      <metrics statements="1" coveredstatements="1" conditionals="0" coveredconditionals="0" methods="0" coveredmethods="0"/>
      <line num="1" count="1" type="stmt"/>
    </file>
  </project>
</coverage>
