{"/Users/ibodi/Documents/gitrepos/Microverse/to-do-list/src/add-item.js": {"path":"/Users/ibodi/Documents/gitrepos/Microverse/to-do-list/src/add-item.js","statementMap":{"0":{"start":{"line":7,"column":32},"end":{"line":33,"column":1}},"1":{"start":{"line":8,"column":21},"end":{"line":8,"column":59}},"2":{"start":{"line":9,"column":23},"end":{"line":9,"column":63}},"3":{"start":{"line":11,"column":27},"end":{"line":25,"column":3}},"4":{"start":{"line":12,"column":20},"end":{"line":12,"column":68}},"5":{"start":{"line":13,"column":4},"end":{"line":15,"column":7}},"6":{"start":{"line":16,"column":4},"end":{"line":18,"column":7}},"7":{"start":{"line":19,"column":4},"end":{"line":21,"column":7}},"8":{"start":{"line":22,"column":4},"end":{"line":22,"column":32}},"9":{"start":{"line":23,"column":4},"end":{"line":23,"column":68}},"10":{"start":{"line":24,"column":4},"end":{"line":24,"column":26}},"11":{"start":{"line":26,"column":2},"end":{"line":26,"column":59}},"12":{"start":{"line":28,"column":2},"end":{"line":32,"column":5}},"13":{"start":{"line":29,"column":4},"end":{"line":31,"column":5}},"14":{"start":{"line":30,"column":6},"end":{"line":30,"column":25}}},"fnMap":{"0":{"name":"(anonymous_0)","decl":{"start":{"line":7,"column":32},"end":{"line":7,"column":33}},"loc":{"start":{"line":7,"column":38},"end":{"line":33,"column":1}},"line":7},"1":{"name":"(anonymous_1)","decl":{"start":{"line":11,"column":27},"end":{"line":11,"column":28}},"loc":{"start":{"line":11,"column":33},"end":{"line":25,"column":3}},"line":11},"2":{"name":"(anonymous_2)","decl":{"start":{"line":28,"column":39},"end":{"line":28,"column":40}},"loc":{"start":{"line":28,"column":52},"end":{"line":32,"column":3}},"line":28}},"branchMap":{"0":{"loc":{"start":{"line":29,"column":4},"end":{"line":31,"column":5}},"type":"if","locations":[{"start":{"line":29,"column":4},"end":{"line":31,"column":5}},{"start":{},"end":{}}],"line":29}},"s":{"0":1,"1":1,"2":1,"3":1,"4":1,"5":1,"6":1,"7":1,"8":1,"9":1,"10":0,"11":1,"12":1,"13":0,"14":0},"f":{"0":1,"1":1,"2":0},"b":{"0":[0,0]},"_coverageSchema":"1a1c01bbd47fc00a2c39e90264f33305004495a9","hash":"64b5718442fa212baf036302b94b1459a6ae294e"}
,"/Users/ibodi/Documents/gitrepos/Microverse/to-do-list/src/display-items.js": {"path":"/Users/ibodi/Documents/gitrepos/Microverse/to-do-list/src/display-items.js","statementMap":{"0":{"start":{"line":3,"column":20},"end":{"line":19,"column":1}},"1":{"start":{"line":4,"column":20},"end":{"line":4,"column":57}},"2":{"start":{"line":5,"column":31},"end":{"line":5,"column":80}},"3":{"start":{"line":6,"column":22},"end":{"line":6,"column":53}},"4":{"start":{"line":8,"column":2},"end":{"line":18,"column":5}},"5":{"start":{"line":9,"column":28},"end":{"line":9,"column":55}},"6":{"start":{"line":10,"column":4},"end":{"line":10,"column":43}},"7":{"start":{"line":11,"column":24},"end":{"line":11,"column":51}},"8":{"start":{"line":12,"column":4},"end":{"line":12,"column":45}},"9":{"start":{"line":13,"column":21},"end":{"line":13,"column":48}},"10":{"start":{"line":14,"column":4},"end":{"line":14,"column":38}},"11":{"start":{"line":15,"column":4},"end":{"line":15,"column":29}},"12":{"start":{"line":17,"column":4},"end":{"line":17,"column":66}}},"fnMap":{"0":{"name":"(anonymous_0)","decl":{"start":{"line":3,"column":20},"end":{"line":3,"column":21}},"loc":{"start":{"line":3,"column":46},"end":{"line":19,"column":1}},"line":3},"1":{"name":"(anonymous_1)","decl":{"start":{"line":8,"column":15},"end":{"line":8,"column":16}},"loc":{"start":{"line":8,"column":25},"end":{"line":18,"column":3}},"line":8}},"branchMap":{"0":{"loc":{"start":{"line":3,"column":21},"end":{"line":3,"column":41}},"type":"default-arg","locations":[{"start":{"line":3,"column":28},"end":{"line":3,"column":41}}],"line":3}},"s":{"0":1,"1":1,"2":1,"3":1,"4":1,"5":1,"6":1,"7":1,"8":1,"9":1,"10":1,"11":1,"12":1},"f":{"0":1,"1":1},"b":{"0":[0]},"_coverageSchema":"1a1c01bbd47fc00a2c39e90264f33305004495a9","hash":"bc80fcbf7cbfdabac474f31eaeeb785892112e3b"}
,"/Users/ibodi/Documents/gitrepos/Microverse/to-do-list/src/edit-description.js": {"path":"/Users/ibodi/Documents/gitrepos/Microverse/to-do-list/src/edit-description.js","statementMap":{"0":{"start":{"line":3,"column":24},"end":{"line":43,"column":1}},"1":{"start":{"line":4,"column":2},"end":{"line":42,"column":5}},"2":{"start":{"line":6,"column":24},"end":{"line":6,"column":80}},"3":{"start":{"line":7,"column":24},"end":{"line":7,"column":79}},"4":{"start":{"line":8,"column":24},"end":{"line":8,"column":67}},"5":{"start":{"line":9,"column":33},"end":{"line":9,"column":92}},"6":{"start":{"line":10,"column":4},"end":{"line":16,"column":7}},"7":{"start":{"line":11,"column":6},"end":{"line":11,"column":44}},"8":{"start":{"line":12,"column":6},"end":{"line":12,"column":41}},"9":{"start":{"line":13,"column":6},"end":{"line":13,"column":53}},"10":{"start":{"line":14,"column":6},"end":{"line":14,"column":41}},"11":{"start":{"line":15,"column":6},"end":{"line":15,"column":57}},"12":{"start":{"line":17,"column":17},"end":{"line":25,"column":5}},"13":{"start":{"line":18,"column":6},"end":{"line":18,"column":52}},"14":{"start":{"line":19,"column":6},"end":{"line":19,"column":44}},"15":{"start":{"line":20,"column":6},"end":{"line":20,"column":57}},"16":{"start":{"line":21,"column":6},"end":{"line":21,"column":41}},"17":{"start":{"line":22,"column":6},"end":{"line":22,"column":44}},"18":{"start":{"line":23,"column":6},"end":{"line":23,"column":50}},"19":{"start":{"line":24,"column":6},"end":{"line":24,"column":70}},"20":{"start":{"line":26,"column":4},"end":{"line":30,"column":7}},"21":{"start":{"line":27,"column":6},"end":{"line":29,"column":7}},"22":{"start":{"line":28,"column":8},"end":{"line":28,"column":15}},"23":{"start":{"line":32,"column":4},"end":{"line":32,"column":60}},"24":{"start":{"line":34,"column":4},"end":{"line":41,"column":7}},"25":{"start":{"line":35,"column":6},"end":{"line":35,"column":40}},"26":{"start":{"line":36,"column":6},"end":{"line":36,"column":72}},"27":{"start":{"line":36,"column":55},"end":{"line":36,"column":70}},"28":{"start":{"line":37,"column":6},"end":{"line":39,"column":9}},"29":{"start":{"line":38,"column":8},"end":{"line":38,"column":27}},"30":{"start":{"line":40,"column":6},"end":{"line":40,"column":70}}},"fnMap":{"0":{"name":"(anonymous_0)","decl":{"start":{"line":3,"column":24},"end":{"line":3,"column":25}},"loc":{"start":{"line":3,"column":50},"end":{"line":43,"column":1}},"line":3},"1":{"name":"(anonymous_1)","decl":{"start":{"line":4,"column":15},"end":{"line":4,"column":16}},"loc":{"start":{"line":4,"column":25},"end":{"line":42,"column":3}},"line":4},"2":{"name":"(anonymous_2)","decl":{"start":{"line":10,"column":42},"end":{"line":10,"column":43}},"loc":{"start":{"line":10,"column":48},"end":{"line":16,"column":5}},"line":10},"3":{"name":"(anonymous_3)","decl":{"start":{"line":17,"column":17},"end":{"line":17,"column":18}},"loc":{"start":{"line":17,"column":23},"end":{"line":25,"column":5}},"line":17},"4":{"name":"(anonymous_4)","decl":{"start":{"line":26,"column":51},"end":{"line":26,"column":52}},"loc":{"start":{"line":26,"column":64},"end":{"line":30,"column":5}},"line":26},"5":{"name":"(anonymous_5)","decl":{"start":{"line":34,"column":42},"end":{"line":34,"column":43}},"loc":{"start":{"line":34,"column":48},"end":{"line":41,"column":5}},"line":34},"6":{"name":"(anonymous_6)","decl":{"start":{"line":36,"column":43},"end":{"line":36,"column":44}},"loc":{"start":{"line":36,"column":55},"end":{"line":36,"column":70}},"line":36},"7":{"name":"(anonymous_7)","decl":{"start":{"line":37,"column":28},"end":{"line":37,"column":29}},"loc":{"start":{"line":37,"column":45},"end":{"line":39,"column":7}},"line":37}},"branchMap":{"0":{"loc":{"start":{"line":3,"column":25},"end":{"line":3,"column":45}},"type":"default-arg","locations":[{"start":{"line":3,"column":32},"end":{"line":3,"column":45}}],"line":3},"1":{"loc":{"start":{"line":27,"column":6},"end":{"line":29,"column":7}},"type":"if","locations":[{"start":{"line":27,"column":6},"end":{"line":29,"column":7}},{"start":{},"end":{}}],"line":27}},"s":{"0":1,"1":1,"2":1,"3":1,"4":1,"5":1,"6":1,"7":1,"8":1,"9":1,"10":1,"11":1,"12":1,"13":1,"14":1,"15":1,"16":1,"17":1,"18":1,"19":1,"20":1,"21":1,"22":1,"23":1,"24":1,"25":1,"26":1,"27":1,"28":1,"29":0,"30":1},"f":{"0":1,"1":1,"2":1,"3":1,"4":1,"5":1,"6":1,"7":0},"b":{"0":[0],"1":[1,0]},"_coverageSchema":"1a1c01bbd47fc00a2c39e90264f33305004495a9","hash":"c6dda69ba420e5a34ccdf0b0d368ac94555f6840"}
,"/Users/ibodi/Documents/gitrepos/Microverse/to-do-list/src/status-updates.js": {"path":"/Users/ibodi/Documents/gitrepos/Microverse/to-do-list/src/status-updates.js","statementMap":{"0":{"start":{"line":3,"column":20},"end":{"line":11,"column":1}},"1":{"start":{"line":4,"column":2},"end":{"line":10,"column":5}},"2":{"start":{"line":6,"column":6},"end":{"line":6,"column":36}},"3":{"start":{"line":7,"column":6},"end":{"line":7,"column":70}},"4":{"start":{"line":9,"column":4},"end":{"line":9,"column":55}}},"fnMap":{"0":{"name":"(anonymous_0)","decl":{"start":{"line":3,"column":20},"end":{"line":3,"column":21}},"loc":{"start":{"line":3,"column":46},"end":{"line":11,"column":1}},"line":3},"1":{"name":"(anonymous_1)","decl":{"start":{"line":4,"column":15},"end":{"line":4,"column":16}},"loc":{"start":{"line":4,"column":25},"end":{"line":10,"column":3}},"line":4},"2":{"name":"onchange","decl":{"start":{"line":5,"column":13},"end":{"line":5,"column":21}},"loc":{"start":{"line":5,"column":24},"end":{"line":8,"column":5}},"line":5}},"branchMap":{"0":{"loc":{"start":{"line":3,"column":21},"end":{"line":3,"column":41}},"type":"default-arg","locations":[{"start":{"line":3,"column":28},"end":{"line":3,"column":41}}],"line":3}},"s":{"0":1,"1":1,"2":0,"3":0,"4":1},"f":{"0":1,"1":1,"2":0},"b":{"0":[0]},"_coverageSchema":"1a1c01bbd47fc00a2c39e90264f33305004495a9","hash":"4649d0d53eceeb5ed92d76fca4ae1ec860c45726"}
,"/Users/ibodi/Documents/gitrepos/Microverse/to-do-list/src/task.js": {"path":"/Users/ibodi/Documents/gitrepos/Microverse/to-do-list/src/task.js","statementMap":{"0":{"start":{"line":2,"column":2},"end":{"line":2,"column":33}},"1":{"start":{"line":3,"column":2},"end":{"line":3,"column":29}},"2":{"start":{"line":4,"column":2},"end":{"line":4,"column":21}}},"fnMap":{"0":{"name":"Task","decl":{"start":{"line":1,"column":24},"end":{"line":1,"column":28}},"loc":{"start":{"line":1,"column":68},"end":{"line":5,"column":1}},"line":1}},"branchMap":{"0":{"loc":{"start":{"line":1,"column":49},"end":{"line":1,"column":66}},"type":"default-arg","locations":[{"start":{"line":1,"column":61},"end":{"line":1,"column":66}}],"line":1}},"s":{"0":1,"1":1,"2":1},"f":{"0":1},"b":{"0":[1]},"_coverageSchema":"1a1c01bbd47fc00a2c39e90264f33305004495a9","hash":"4c03f96c72694984093c0ff3c656238af4564c5a"}
,"/Users/ibodi/Documents/gitrepos/Microverse/to-do-list/src/to-do-list.js": {"path":"/Users/ibodi/Documents/gitrepos/Microverse/to-do-list/src/to-do-list.js","statementMap":{"0":{"start":{"line":1,"column":17},"end":{"line":1,"column":19}}},"fnMap":{},"branchMap":{},"s":{"0":1},"f":{},"b":{},"_coverageSchema":"1a1c01bbd47fc00a2c39e90264f33305004495a9","hash":"bd343abb9c5d81ab00d46bca9f7089a750bc51c9"}
}
