TN:
SF:src/add-item.js
FN:7,(anonymous_0)
FN:11,(anonymous_1)
FN:28,(anonymous_2)
FNF:3
FNH:3
FNDA:4,(anonymous_0)
FNDA:29,(anonymous_1)
FNDA:26,(anonymous_2)
DA:7,1
DA:8,4
DA:9,4
DA:11,4
DA:12,29
DA:13,29
DA:16,29
DA:19,29
DA:22,29
DA:23,29
DA:24,29
DA:26,4
DA:28,4
DA:29,26
DA:30,26
LF:15
LH:15
BRDA:29,0,0,26
BRDA:29,0,1,0
BRF:2
BRH:1
end_of_record
TN:
SF:src/clear-all-completed.js
FN:3,(anonymous_0)
FN:5,(anonymous_1)
FN:6,(anonymous_2)
FN:6,(anonymous_3)
FN:9,(anonymous_4)
FN:10,(anonymous_5)
FNF:6
FNH:6
FNDA:1,(anonymous_0)
FNDA:1,(anonymous_1)
FNDA:14,(anonymous_2)
FNDA:9,(anonymous_3)
FNDA:14,(anonymous_4)
FNDA:5,(anonymous_5)
DA:3,1
DA:4,1
DA:5,1
DA:6,14
DA:7,9
DA:9,14
DA:10,1
DA:11,5
DA:13,1
LF:9
LH:9
BRF:0
BRH:0
end_of_record
TN:
SF:src/display-items.js
FN:3,(anonymous_0)
FN:8,(anonymous_1)
FNF:2
FNH:2
FNDA:29,(anonymous_0)
FNDA:29,(anonymous_1)
DA:3,1
DA:4,29
DA:5,29
DA:6,29
DA:8,29
DA:9,29
DA:10,29
DA:11,29
DA:12,29
DA:13,29
DA:14,29
DA:15,29
DA:17,29
LF:13
LH:13
BRDA:3,0,0,0
BRF:1
BRH:0
end_of_record
TN:
SF:src/edit-description.js
FN:3,(anonymous_0)
FN:4,(anonymous_1)
FN:10,(anonymous_2)
FN:17,(anonymous_3)
FN:26,(anonymous_4)
FN:34,(anonymous_5)
FN:36,(anonymous_6)
FN:37,(anonymous_7)
FNF:8
FNH:8
FNDA:29,(anonymous_0)
FNDA:29,(anonymous_1)
FNDA:15,(anonymous_2)
FNDA:1,(anonymous_3)
FNDA:1,(anonymous_4)
FNDA:15,(anonymous_5)
FNDA:134,(anonymous_6)
FNDA:119,(anonymous_7)
DA:3,1
DA:4,29
DA:6,29
DA:7,29
DA:8,29
DA:9,29
DA:10,29
DA:11,15
DA:12,15
DA:13,15
DA:14,15
DA:15,15
DA:17,29
DA:18,1
DA:19,1
DA:20,1
DA:21,1
DA:22,1
DA:23,1
DA:24,1
DA:26,29
DA:27,1
DA:28,1
DA:32,29
DA:34,29
DA:35,15
DA:36,134
DA:37,15
DA:38,119
DA:40,15
LF:30
LH:30
BRDA:3,0,0,0
BRDA:27,1,0,1
BRDA:27,1,1,0
BRF:3
BRH:1
end_of_record
TN:
SF:src/status-updates.js
FN:3,(anonymous_0)
FN:4,(anonymous_1)
FN:5,onchange
FNF:3
FNH:3
FNDA:29,(anonymous_0)
FNDA:29,(anonymous_1)
FNDA:9,onchange
DA:3,1
DA:4,29
DA:6,9
DA:7,9
DA:9,29
LF:5
LH:5
BRDA:3,0,0,0
BRF:1
BRH:0
end_of_record
TN:
SF:src/task.js
FN:1,Task
FNF:1
FNH:1
FNDA:29,Task
DA:2,29
DA:3,29
DA:4,29
LF:3
LH:3
BRDA:1,0,0,29
BRF:1
BRH:1
end_of_record
TN:
SF:src/to-do-list.js
FNF:0
FNH:0
DA:1,1
LF:1
LH:1
BRF:0
BRH:0
end_of_record
