TN:
SF:src/add-item.js
FN:7,(anonymous_0)
FN:11,(anonymous_1)
FN:28,(anonymous_2)
FNF:3
FNH:2
FNDA:3,(anonymous_0)
FNDA:6,(anonymous_1)
FNDA:0,(anonymous_2)
DA:7,1
DA:8,3
DA:9,3
DA:11,3
DA:12,6
DA:13,6
DA:16,6
DA:19,6
DA:22,6
DA:23,6
DA:24,0
DA:26,3
DA:28,3
DA:29,0
DA:30,0
LF:15
LH:12
BRDA:29,0,0,0
BRDA:29,0,1,0
BRF:2
BRH:0
end_of_record
TN:
SF:src/display-items.js
FN:3,(anonymous_0)
FN:8,(anonymous_1)
FNF:2
FNH:2
FNDA:6,(anonymous_0)
FNDA:6,(anonymous_1)
DA:3,1
DA:4,6
DA:5,6
DA:6,6
DA:8,6
DA:9,6
DA:10,6
DA:11,6
DA:12,6
DA:13,6
DA:14,6
DA:15,6
DA:17,6
LF:13
LH:13
BRDA:3,0,0,0
BRF:1
BRH:0
end_of_record
TN:
SF:src/edit-description.js
FN:3,(anonymous_0)
FN:4,(anonymous_1)
FN:10,(anonymous_2)
FN:17,(anonymous_3)
FN:26,(anonymous_4)
FN:34,(anonymous_5)
FN:36,(anonymous_6)
FN:37,(anonymous_7)
FNF:8
FNH:8
FNDA:6,(anonymous_0)
FNDA:6,(anonymous_1)
FNDA:4,(anonymous_2)
FNDA:1,(anonymous_3)
FNDA:1,(anonymous_4)
FNDA:4,(anonymous_5)
FNDA:13,(anonymous_6)
FNDA:9,(anonymous_7)
DA:3,1
DA:4,6
DA:6,6
DA:7,6
DA:8,6
DA:9,6
DA:10,6
DA:11,4
DA:12,4
DA:13,4
DA:14,4
DA:15,4
DA:17,6
DA:18,1
DA:19,1
DA:20,1
DA:21,1
DA:22,1
DA:23,1
DA:24,1
DA:26,6
DA:27,1
DA:28,1
DA:32,6
DA:34,6
DA:35,4
DA:36,13
DA:37,4
DA:38,9
DA:40,4
LF:30
LH:30
BRDA:3,0,0,0
BRDA:27,1,0,1
BRDA:27,1,1,0
BRF:3
BRH:1
end_of_record
TN:
SF:src/status-updates.js
FN:3,(anonymous_0)
FN:4,(anonymous_1)
FN:5,onchange
FNF:3
FNH:2
FNDA:6,(anonymous_0)
FNDA:6,(anonymous_1)
FNDA:0,onchange
DA:3,1
DA:4,6
DA:6,0
DA:7,0
DA:9,6
LF:5
LH:3
BRDA:3,0,0,0
BRF:1
BRH:0
end_of_record
TN:
SF:src/task.js
FN:1,Task
FNF:1
FNH:1
FNDA:6,Task
DA:2,6
DA:3,6
DA:4,6
LF:3
LH:3
BRDA:1,0,0,6
BRF:1
BRH:1
end_of_record
TN:
SF:src/to-do-list.js
FNF:0
FNH:0
DA:1,1
LF:1
LH:1
BRF:0
BRH:0
end_of_record
